<?xml version="1.0" encoding="UTF-8"?>
<coverage generated="1788185886589" clover="3.2.0">
  <project timestamp="1788185886589" name="All files">
    <metrics statements="85" coveredstatements="70" conditionals="76" coveredconditionals="64" methods="3" coveredmethods="3" elements="164" coveredelements="137" complexity="0" loc="85" ncloc="85" packages="1" files="1" classes="1"/>
    <file name="properties.js" path="/Users/wsw/Desktop/IDX-Exchange/IDX-PropertySearch/backend/routes/properties.js">
      <metrics statements="85" coveredstatements="70" conditionals="76" coveredconditionals="64" methods="3" coveredmethods="3"/>
      <line num="2" count="1" type="stmt"/>
      <line num="5" count="1" type="stmt"/>
      <line num="12" count="1" type="stmt"/>
      <line num="20" count="1" type="stmt"/>
      <line num="21" count="7" type="stmt"/>
      <line num="22" count="7" type="cond" truecount="1" falsecount="0"/>
      <line num="23" count="7" type="cond" truecount="2" falsecount="0"/>
      <line num="24" count="7" type="cond" truecount="2" falsecount="0"/>
      <line num="27" count="7" type="stmt"/>
      <line num="29" count="7" type="cond" truecount="4" falsecount="1"/>
      <line num="30" count="0" type="stmt"/>
      <line num="33" count="7" type="cond" truecount="3" falsecount="1"/>
      <line num="34" count="0" type="stmt"/>
      <line num="37" count="7" type="stmt"/>
      <line num="38" count="7" type="cond" truecount="2" falsecount="0"/>
      <line num="39" count="1" type="cond" truecount="1" falsecount="1"/>
      <line num="40" count="0" type="stmt"/>
      <line num="41" count="1" type="cond" truecount="1" falsecount="1"/>
      <line num="42" count="1" type="stmt"/>
      <line num="44" count="0" type="stmt"/>
      <line num="48" count="7" type="cond" truecount="3" falsecount="1"/>
      <line num="49" count="0" type="stmt"/>
      <line num="52" count="7" type="cond" truecount="4" falsecount="1"/>
      <line num="53" count="0" type="stmt"/>
      <line num="56" count="7" type="cond" truecount="4" falsecount="1"/>
      <line num="57" count="0" type="stmt"/>
      <line num="60" count="7" type="cond" truecount="4" falsecount="1"/>
      <line num="61" count="0" type="stmt"/>
      <line num="64" count="7" type="cond" truecount="4" falsecount="1"/>
      <line num="65" count="0" type="stmt"/>
      <line num="68" count="7" type="cond" truecount="1" falsecount="1"/>
      <line num="69" count="0" type="stmt"/>
      <line num="74" count="7" type="stmt"/>
      <line num="75" count="7" type="stmt"/>
      <line num="77" count="7" type="cond" truecount="2" falsecount="0"/>
      <line num="78" count="1" type="stmt"/>
      <line num="79" count="1" type="stmt"/>
      <line num="81" count="7" type="cond" truecount="2" falsecount="0"/>
      <line num="82" count="1" type="stmt"/>
      <line num="83" count="1" type="stmt"/>
      <line num="85" count="7" type="cond" truecount="2" falsecount="0"/>
      <line num="86" count="1" type="stmt"/>
      <line num="87" count="1" type="stmt"/>
      <line num="89" count="7" type="cond" truecount="2" falsecount="0"/>
      <line num="90" count="1" type="stmt"/>
      <line num="91" count="1" type="stmt"/>
      <line num="93" count="7" type="cond" truecount="2" falsecount="0"/>
      <line num="94" count="1" type="stmt"/>
      <line num="95" count="1" type="stmt"/>
      <line num="97" count="7" type="cond" truecount="2" falsecount="0"/>
      <line num="98" count="1" type="stmt"/>
      <line num="99" count="1" type="stmt"/>
      <line num="102" count="7" type="cond" truecount="2" falsecount="0"/>
      <line num="104" count="7" type="stmt"/>
      <line num="105" count="7" type="cond" truecount="2" falsecount="0"/>
      <line num="106" count="1" type="cond" truecount="1" falsecount="1"/>
      <line num="107" count="1" type="stmt"/>
      <line num="111" count="7" type="stmt"/>
      <line num="114" count="7" type="stmt"/>
      <line num="116" count="7" type="stmt"/>
      <line num="121" count="7" type="stmt"/>
      <line num="131" count="0" type="stmt"/>
      <line num="132" count="0" type="stmt"/>
      <line num="137" count="1" type="stmt"/>
      <line num="138" count="4" type="stmt"/>
      <line num="139" count="4" type="stmt"/>
      <line num="142" count="4" type="cond" truecount="2" falsecount="0"/>
      <line num="143" count="1" type="stmt"/>
      <line num="147" count="3" type="stmt"/>
      <line num="152" count="3" type="cond" truecount="2" falsecount="0"/>
      <line num="153" count="1" type="stmt"/>
      <line num="157" count="2" type="stmt"/>
      <line num="163" count="2" type="stmt"/>
      <line num="165" count="0" type="stmt"/>
      <line num="170" count="1" type="stmt"/>
      <line num="171" count="3" type="stmt"/>
      <line num="172" count="3" type="stmt"/>
      <line num="175" count="3" type="cond" truecount="2" falsecount="0"/>
      <line num="176" count="1" type="stmt"/>
      <line num="179" count="2" type="stmt"/>
      <line num="184" count="2" type="cond" truecount="2" falsecount="0"/>
      <line num="185" count="1" type="stmt"/>
      <line num="188" count="1" type="stmt"/>
      <line num="190" count="0" type="stmt"/>
      <line num="191" count="0" type="stmt"/>
    </file>
  </project>
</coverage>
