{"/Users/wsw/Desktop/IDX-Exchange/IDX-PropertySearch/backend/routes/properties.js": {"path":"/Users/wsw/Desktop/IDX-Exchange/IDX-PropertySearch/backend/routes/properties.js","statementMap":{"0":{"start":{"line":2,"column":15},"end":{"line":2,"column":31}},"1":{"start":{"line":5,"column":19},"end":{"line":10,"column":1}},"2":{"start":{"line":12,"column":24},"end":{"line":17,"column":1}},"3":{"start":{"line":20,"column":0},"end":{"line":134,"column":3}},"4":{"start":{"line":21,"column":4},"end":{"line":133,"column":5}},"5":{"start":{"line":22,"column":93},"end":{"line":22,"column":102}},"6":{"start":{"line":23,"column":22},"end":{"line":23,"column":57}},"7":{"start":{"line":24,"column":23},"end":{"line":24,"column":58}},"8":{"start":{"line":27,"column":23},"end":{"line":27,"column":25}},"9":{"start":{"line":29,"column":8},"end":{"line":31,"column":9}},"10":{"start":{"line":30,"column":12},"end":{"line":30,"column":78}},"11":{"start":{"line":33,"column":8},"end":{"line":35,"column":9}},"12":{"start":{"line":34,"column":12},"end":{"line":34,"column":65}},"13":{"start":{"line":37,"column":25},"end":{"line":37,"column":29}},"14":{"start":{"line":38,"column":8},"end":{"line":46,"column":9}},"15":{"start":{"line":39,"column":12},"end":{"line":45,"column":13}},"16":{"start":{"line":40,"column":16},"end":{"line":40,"column":36}},"17":{"start":{"line":41,"column":18},"end":{"line":45,"column":13}},"18":{"start":{"line":42,"column":16},"end":{"line":42,"column":53}},"19":{"start":{"line":44,"column":16},"end":{"line":44,"column":112}},"20":{"start":{"line":48,"column":8},"end":{"line":50,"column":9}},"21":{"start":{"line":49,"column":12},"end":{"line":49,"column":68}},"22":{"start":{"line":52,"column":8},"end":{"line":54,"column":9}},"23":{"start":{"line":53,"column":12},"end":{"line":53,"column":66}},"24":{"start":{"line":56,"column":8},"end":{"line":58,"column":9}},"25":{"start":{"line":57,"column":12},"end":{"line":57,"column":66}},"26":{"start":{"line":60,"column":8},"end":{"line":62,"column":9}},"27":{"start":{"line":61,"column":12},"end":{"line":61,"column":63}},"28":{"start":{"line":64,"column":8},"end":{"line":66,"column":9}},"29":{"start":{"line":65,"column":12},"end":{"line":65,"column":63}},"30":{"start":{"line":68,"column":8},"end":{"line":70,"column":9}},"31":{"start":{"line":69,"column":12},"end":{"line":69,"column":95}},"32":{"start":{"line":74,"column":27},"end":{"line":74,"column":29}},"33":{"start":{"line":75,"column":23},"end":{"line":75,"column":25}},"34":{"start":{"line":77,"column":8},"end":{"line":80,"column":9}},"35":{"start":{"line":78,"column":12},"end":{"line":78,"column":68}},"36":{"start":{"line":79,"column":12},"end":{"line":79,"column":30}},"37":{"start":{"line":81,"column":8},"end":{"line":84,"column":9}},"38":{"start":{"line":82,"column":12},"end":{"line":82,"column":41}},"39":{"start":{"line":83,"column":12},"end":{"line":83,"column":33}},"40":{"start":{"line":85,"column":8},"end":{"line":88,"column":9}},"41":{"start":{"line":86,"column":12},"end":{"line":86,"column":50}},"42":{"start":{"line":87,"column":12},"end":{"line":87,"column":46}},"43":{"start":{"line":89,"column":8},"end":{"line":92,"column":9}},"44":{"start":{"line":90,"column":12},"end":{"line":90,"column":50}},"45":{"start":{"line":91,"column":12},"end":{"line":91,"column":46}},"46":{"start":{"line":93,"column":8},"end":{"line":96,"column":9}},"47":{"start":{"line":94,"column":12},"end":{"line":94,"column":46}},"48":{"start":{"line":95,"column":12},"end":{"line":95,"column":43}},"49":{"start":{"line":97,"column":8},"end":{"line":100,"column":9}},"50":{"start":{"line":98,"column":12},"end":{"line":98,"column":44}},"51":{"start":{"line":99,"column":12},"end":{"line":99,"column":47}},"52":{"start":{"line":102,"column":28},"end":{"line":102,"column":88}},"53":{"start":{"line":104,"column":28},"end":{"line":104,"column":30}},"54":{"start":{"line":105,"column":8},"end":{"line":108,"column":9}},"55":{"start":{"line":106,"column":26},"end":{"line":106,"column":77}},"56":{"start":{"line":107,"column":12},"end":{"line":107,"column":62}},"57":{"start":{"line":111,"column":28},"end":{"line":113,"column":9}},"58":{"start":{"line":114,"column":22},"end":{"line":114,"column":40}},"59":{"start":{"line":116,"column":23},"end":{"line":119,"column":9}},"60":{"start":{"line":121,"column":8},"end":{"line":128,"column":11}},"61":{"start":{"line":131,"column":8},"end":{"line":131,"column":27}},"62":{"start":{"line":132,"column":8},"end":{"line":132,"column":63}},"63":{"start":{"line":137,"column":0},"end":{"line":167,"column":3}},"64":{"start":{"line":138,"column":4},"end":{"line":166,"column":5}},"65":{"start":{"line":139,"column":23},"end":{"line":139,"column":33}},"66":{"start":{"line":142,"column":8},"end":{"line":144,"column":9}},"67":{"start":{"line":143,"column":12},"end":{"line":143,"column":86}},"68":{"start":{"line":147,"column":23},"end":{"line":150,"column":9}},"69":{"start":{"line":152,"column":8},"end":{"line":154,"column":9}},"70":{"start":{"line":153,"column":12},"end":{"line":153,"column":71}},"71":{"start":{"line":157,"column":32},"end":{"line":161,"column":9}},"72":{"start":{"line":163,"column":8},"end":{"line":163,"column":32}},"73":{"start":{"line":165,"column":8},"end":{"line":165,"column":70}},"74":{"start":{"line":170,"column":0},"end":{"line":194,"column":3}},"75":{"start":{"line":171,"column":4},"end":{"line":192,"column":5}},"76":{"start":{"line":172,"column":23},"end":{"line":172,"column":33}},"77":{"start":{"line":175,"column":8},"end":{"line":177,"column":9}},"78":{"start":{"line":176,"column":12},"end":{"line":176,"column":86}},"79":{"start":{"line":179,"column":23},"end":{"line":182,"column":9}},"80":{"start":{"line":184,"column":8},"end":{"line":186,"column":9}},"81":{"start":{"line":185,"column":12},"end":{"line":185,"column":71}},"82":{"start":{"line":188,"column":8},"end":{"line":188,"column":26}},"83":{"start":{"line":190,"column":8},"end":{"line":190,"column":27}},"84":{"start":{"line":191,"column":8},"end":{"line":191,"column":70}}},"fnMap":{"0":{"name":"(anonymous_0)","decl":{"start":{"line":20,"column":16},"end":{"line":20,"column":17}},"loc":{"start":{"line":20,"column":36},"end":{"line":134,"column":1}},"line":20},"1":{"name":"(anonymous_1)","decl":{"start":{"line":137,"column":30},"end":{"line":137,"column":31}},"loc":{"start":{"line":137,"column":50},"end":{"line":167,"column":1}},"line":137},"2":{"name":"(anonymous_2)","decl":{"start":{"line":170,"column":19},"end":{"line":170,"column":20}},"loc":{"start":{"line":170,"column":39},"end":{"line":194,"column":1}},"line":170}},"branchMap":{"0":{"loc":{"start":{"line":22,"column":72},"end":{"line":22,"column":89}},"type":"default-arg","locations":[{"start":{"line":22,"column":84},"end":{"line":22,"column":89}}],"line":22},"1":{"loc":{"start":{"line":23,"column":22},"end":{"line":23,"column":57}},"type":"binary-expr","locations":[{"start":{"line":23,"column":22},"end":{"line":23,"column":51}},{"start":{"line":23,"column":55},"end":{"line":23,"column":57}}],"line":23},"2":{"loc":{"start":{"line":24,"column":23},"end":{"line":24,"column":58}},"type":"binary-expr","locations":[{"start":{"line":24,"column":23},"end":{"line":24,"column":53}},{"start":{"line":24,"column":57},"end":{"line":24,"column":58}}],"line":24},"3":{"loc":{"start":{"line":29,"column":8},"end":{"line":31,"column":9}},"type":"if","locations":[{"start":{"line":29,"column":8},"end":{"line":31,"column":9}},{"start":{},"end":{}}],"line":29},"4":{"loc":{"start":{"line":29,"column":11},"end":{"line":29,"column":67}},"type":"binary-expr","locations":[{"start":{"line":29,"column":11},"end":{"line":29,"column":38}},{"start":{"line":29,"column":42},"end":{"line":29,"column":52}},{"start":{"line":29,"column":56},"end":{"line":29,"column":67}}],"line":29},"5":{"loc":{"start":{"line":33,"column":8},"end":{"line":35,"column":9}},"type":"if","locations":[{"start":{"line":33,"column":8},"end":{"line":35,"column":9}},{"start":{},"end":{}}],"line":33},"6":{"loc":{"start":{"line":33,"column":11},"end":{"line":33,"column":53}},"type":"binary-expr","locations":[{"start":{"line":33,"column":11},"end":{"line":33,"column":39}},{"start":{"line":33,"column":43},"end":{"line":33,"column":53}}],"line":33},"7":{"loc":{"start":{"line":38,"column":8},"end":{"line":46,"column":9}},"type":"if","locations":[{"start":{"line":38,"column":8},"end":{"line":46,"column":9}},{"start":{},"end":{}}],"line":38},"8":{"loc":{"start":{"line":39,"column":12},"end":{"line":45,"column":13}},"type":"if","locations":[{"start":{"line":39,"column":12},"end":{"line":45,"column":13}},{"start":{"line":41,"column":18},"end":{"line":45,"column":13}}],"line":39},"9":{"loc":{"start":{"line":41,"column":18},"end":{"line":45,"column":13}},"type":"if","locations":[{"start":{"line":41,"column":18},"end":{"line":45,"column":13}},{"start":{"line":43,"column":17},"end":{"line":45,"column":13}}],"line":41},"10":{"loc":{"start":{"line":48,"column":8},"end":{"line":50,"column":9}},"type":"if","locations":[{"start":{"line":48,"column":8},"end":{"line":50,"column":9}},{"start":{},"end":{}}],"line":48},"11":{"loc":{"start":{"line":48,"column":11},"end":{"line":48,"column":74}},"type":"binary-expr","locations":[{"start":{"line":48,"column":11},"end":{"line":48,"column":20}},{"start":{"line":48,"column":24},"end":{"line":48,"column":74}}],"line":48},"12":{"loc":{"start":{"line":52,"column":8},"end":{"line":54,"column":9}},"type":"if","locations":[{"start":{"line":52,"column":8},"end":{"line":54,"column":9}},{"start":{},"end":{}}],"line":52},"13":{"loc":{"start":{"line":52,"column":11},"end":{"line":52,"column":84}},"type":"binary-expr","locations":[{"start":{"line":52,"column":11},"end":{"line":52,"column":31}},{"start":{"line":52,"column":36},"end":{"line":52,"column":59}},{"start":{"line":52,"column":63},"end":{"line":52,"column":83}}],"line":52},"14":{"loc":{"start":{"line":56,"column":8},"end":{"line":58,"column":9}},"type":"if","locations":[{"start":{"line":56,"column":8},"end":{"line":58,"column":9}},{"start":{},"end":{}}],"line":56},"15":{"loc":{"start":{"line":56,"column":11},"end":{"line":56,"column":84}},"type":"binary-expr","locations":[{"start":{"line":56,"column":11},"end":{"line":56,"column":31}},{"start":{"line":56,"column":36},"end":{"line":56,"column":59}},{"start":{"line":56,"column":63},"end":{"line":56,"column":83}}],"line":56},"16":{"loc":{"start":{"line":60,"column":8},"end":{"line":62,"column":9}},"type":"if","locations":[{"start":{"line":60,"column":8},"end":{"line":62,"column":9}},{"start":{},"end":{}}],"line":60},"17":{"loc":{"start":{"line":60,"column":11},"end":{"line":60,"column":82}},"type":"binary-expr","locations":[{"start":{"line":60,"column":11},"end":{"line":60,"column":27}},{"start":{"line":60,"column":32},"end":{"line":60,"column":63}},{"start":{"line":60,"column":67},"end":{"line":60,"column":81}}],"line":60},"18":{"loc":{"start":{"line":64,"column":8},"end":{"line":66,"column":9}},"type":"if","locations":[{"start":{"line":64,"column":8},"end":{"line":66,"column":9}},{"start":{},"end":{}}],"line":64},"19":{"loc":{"start":{"line":64,"column":11},"end":{"line":64,"column":73}},"type":"binary-expr","locations":[{"start":{"line":64,"column":11},"end":{"line":64,"column":28}},{"start":{"line":64,"column":33},"end":{"line":64,"column":53}},{"start":{"line":64,"column":57},"end":{"line":64,"column":72}}],"line":64},"20":{"loc":{"start":{"line":68,"column":8},"end":{"line":70,"column":9}},"type":"if","locations":[{"start":{"line":68,"column":8},"end":{"line":70,"column":9}},{"start":{},"end":{}}],"line":68},"21":{"loc":{"start":{"line":77,"column":8},"end":{"line":80,"column":9}},"type":"if","locations":[{"start":{"line":77,"column":8},"end":{"line":80,"column":9}},{"start":{},"end":{}}],"line":77},"22":{"loc":{"start":{"line":81,"column":8},"end":{"line":84,"column":9}},"type":"if","locations":[{"start":{"line":81,"column":8},"end":{"line":84,"column":9}},{"start":{},"end":{}}],"line":81},"23":{"loc":{"start":{"line":85,"column":8},"end":{"line":88,"column":9}},"type":"if","locations":[{"start":{"line":85,"column":8},"end":{"line":88,"column":9}},{"start":{},"end":{}}],"line":85},"24":{"loc":{"start":{"line":89,"column":8},"end":{"line":92,"column":9}},"type":"if","locations":[{"start":{"line":89,"column":8},"end":{"line":92,"column":9}},{"start":{},"end":{}}],"line":89},"25":{"loc":{"start":{"line":93,"column":8},"end":{"line":96,"column":9}},"type":"if","locations":[{"start":{"line":93,"column":8},"end":{"line":96,"column":9}},{"start":{},"end":{}}],"line":93},"26":{"loc":{"start":{"line":97,"column":8},"end":{"line":100,"column":9}},"type":"if","locations":[{"start":{"line":97,"column":8},"end":{"line":100,"column":9}},{"start":{},"end":{}}],"line":97},"27":{"loc":{"start":{"line":102,"column":28},"end":{"line":102,"column":88}},"type":"cond-expr","locations":[{"start":{"line":102,"column":48},"end":{"line":102,"column":83}},{"start":{"line":102,"column":86},"end":{"line":102,"column":88}}],"line":102},"28":{"loc":{"start":{"line":105,"column":8},"end":{"line":108,"column":9}},"type":"if","locations":[{"start":{"line":105,"column":8},"end":{"line":108,"column":9}},{"start":{},"end":{}}],"line":105},"29":{"loc":{"start":{"line":106,"column":26},"end":{"line":106,"column":77}},"type":"cond-expr","locations":[{"start":{"line":106,"column":63},"end":{"line":106,"column":69}},{"start":{"line":106,"column":72},"end":{"line":106,"column":77}}],"line":106},"30":{"loc":{"start":{"line":125,"column":20},"end":{"line":125,"column":43}},"type":"binary-expr","locations":[{"start":{"line":125,"column":20},"end":{"line":125,"column":30}},{"start":{"line":125,"column":34},"end":{"line":125,"column":43}}],"line":125},"31":{"loc":{"start":{"line":126,"column":23},"end":{"line":126,"column":41}},"type":"binary-expr","locations":[{"start":{"line":126,"column":23},"end":{"line":126,"column":32}},{"start":{"line":126,"column":36},"end":{"line":126,"column":41}}],"line":126},"32":{"loc":{"start":{"line":142,"column":8},"end":{"line":144,"column":9}},"type":"if","locations":[{"start":{"line":142,"column":8},"end":{"line":144,"column":9}},{"start":{},"end":{}}],"line":142},"33":{"loc":{"start":{"line":152,"column":8},"end":{"line":154,"column":9}},"type":"if","locations":[{"start":{"line":152,"column":8},"end":{"line":154,"column":9}},{"start":{},"end":{}}],"line":152},"34":{"loc":{"start":{"line":175,"column":8},"end":{"line":177,"column":9}},"type":"if","locations":[{"start":{"line":175,"column":8},"end":{"line":177,"column":9}},{"start":{},"end":{}}],"line":175},"35":{"loc":{"start":{"line":184,"column":8},"end":{"line":186,"column":9}},"type":"if","locations":[{"start":{"line":184,"column":8},"end":{"line":186,"column":9}},{"start":{},"end":{}}],"line":184}},"s":{"0":1,"1":1,"2":1,"3":1,"4":7,"5":7,"6":7,"7":7,"8":7,"9":7,"10":0,"11":7,"12":0,"13":7,"14":7,"15":1,"16":0,"17":1,"18":1,"19":0,"20":7,"21":0,"22":7,"23":0,"24":7,"25":0,"26":7,"27":0,"28":7,"29":0,"30":7,"31":0,"32":7,"33":7,"34":7,"35":1,"36":1,"37":7,"38":1,"39":1,"40":7,"41":1,"42":1,"43":7,"44":1,"45":1,"46":7,"47":1,"48":1,"49":7,"50":1,"51":1,"52":7,"53":7,"54":7,"55":1,"56":1,"57":7,"58":7,"59":7,"60":7,"61":0,"62":0,"63":1,"64":4,"65":4,"66":4,"67":1,"68":3,"69":3,"70":1,"71":2,"72":2,"73":0,"74":1,"75":3,"76":3,"77":3,"78":1,"79":2,"80":2,"81":1,"82":1,"83":0,"84":0},"f":{"0":7,"1":4,"2":3},"b":{"0":[6],"1":[7,6],"2":[7,6],"3":[0,7],"4":[7,7,7],"5":[0,7],"6":[7,7],"7":[1,6],"8":[0,1],"9":[1,0],"10":[0,7],"11":[7,7],"12":[0,7],"13":[7,1,1],"14":[0,7],"15":[7,1,1],"16":[0,7],"17":[7,1,1],"18":[0,7],"19":[7,1,1],"20":[0,7],"21":[1,6],"22":[1,6],"23":[1,6],"24":[1,6],"25":[1,6],"26":[1,6],"27":[4,3],"28":[1,6],"29":[1,0],"30":[7,6],"31":[7,0],"32":[1,3],"33":[1,2],"34":[1,2],"35":[1,1]},"inputSourceMap":null,"_coverageSchema":"1a1c01bbd47fc00a2c39e90264f33305004495a9","hash":"0114e4b6b6e83c71ecef5db3feff0fb9cd3f710d"}
}
