TN:
SF:routes/properties.js
FN:20,(anonymous_0)
FN:137,(anonymous_1)
FN:170,(anonymous_2)
FNF:3
FNH:3
FNDA:7,(anonymous_0)
FNDA:4,(anonymous_1)
FNDA:3,(anonymous_2)
DA:2,1
DA:5,1
DA:12,1
DA:20,1
DA:21,7
DA:22,7
DA:23,7
DA:24,7
DA:27,7
DA:29,7
DA:30,0
DA:33,7
DA:34,0
DA:37,7
DA:38,7
DA:39,1
DA:40,0
DA:41,1
DA:42,1
DA:44,0
DA:48,7
DA:49,0
DA:52,7
DA:53,0
DA:56,7
DA:57,0
DA:60,7
DA:61,0
DA:64,7
DA:65,0
DA:68,7
DA:69,0
DA:74,7
DA:75,7
DA:77,7
DA:78,1
DA:79,1
DA:81,7
DA:82,1
DA:83,1
DA:85,7
DA:86,1
DA:87,1
DA:89,7
DA:90,1
DA:91,1
DA:93,7
DA:94,1
DA:95,1
DA:97,7
DA:98,1
DA:99,1
DA:102,7
DA:104,7
DA:105,7
DA:106,1
DA:107,1
DA:111,7
DA:114,7
DA:116,7
DA:121,7
DA:131,0
DA:132,0
DA:137,1
DA:138,4
DA:139,4
DA:142,4
DA:143,1
DA:147,3
DA:152,3
DA:153,1
DA:157,2
DA:163,2
DA:165,0
DA:170,1
DA:171,3
DA:172,3
DA:175,3
DA:176,1
DA:179,2
DA:184,2
DA:185,1
DA:188,1
DA:190,0
DA:191,0
LF:85
LH:70
BRDA:22,0,0,6
BRDA:23,1,0,7
BRDA:23,1,1,6
BRDA:24,2,0,7
BRDA:24,2,1,6
BRDA:29,3,0,0
BRDA:29,3,1,7
BRDA:29,4,0,7
BRDA:29,4,1,7
BRDA:29,4,2,7
BRDA:33,5,0,0
BRDA:33,5,1,7
BRDA:33,6,0,7
BRDA:33,6,1,7
BRDA:38,7,0,1
BRDA:38,7,1,6
BRDA:39,8,0,0
BRDA:39,8,1,1
BRDA:41,9,0,1
BRDA:41,9,1,0
BRDA:48,10,0,0
BRDA:48,10,1,7
BRDA:48,11,0,7
BRDA:48,11,1,7
BRDA:52,12,0,0
BRDA:52,12,1,7
BRDA:52,13,0,7
BRDA:52,13,1,1
BRDA:52,13,2,1
BRDA:56,14,0,0
BRDA:56,14,1,7
BRDA:56,15,0,7
BRDA:56,15,1,1
BRDA:56,15,2,1
BRDA:60,16,0,0
BRDA:60,16,1,7
BRDA:60,17,0,7
BRDA:60,17,1,1
BRDA:60,17,2,1
BRDA:64,18,0,0
BRDA:64,18,1,7
BRDA:64,19,0,7
BRDA:64,19,1,1
BRDA:64,19,2,1
BRDA:68,20,0,0
BRDA:68,20,1,7
BRDA:77,21,0,1
BRDA:77,21,1,6
BRDA:81,22,0,1
BRDA:81,22,1,6
BRDA:85,23,0,1
BRDA:85,23,1,6
BRDA:89,24,0,1
BRDA:89,24,1,6
BRDA:93,25,0,1
BRDA:93,25,1,6
BRDA:97,26,0,1
BRDA:97,26,1,6
BRDA:102,27,0,4
BRDA:102,27,1,3
BRDA:105,28,0,1
BRDA:105,28,1,6
BRDA:106,29,0,1
BRDA:106,29,1,0
BRDA:125,30,0,7
BRDA:125,30,1,6
BRDA:126,31,0,7
BRDA:126,31,1,0
BRDA:142,32,0,1
BRDA:142,32,1,3
BRDA:152,33,0,1
BRDA:152,33,1,2
BRDA:175,34,0,1
BRDA:175,34,1,2
BRDA:184,35,0,1
BRDA:184,35,1,1
BRF:76
BRH:64
end_of_record
